<?xml version="1.0" encoding="utf-8"?><testsuites name="pytest tests"><testsuite name="pytest" errors="0" failures="0" skipped="0" tests="6" time="0.906" timestamp="2026-06-17T09:47:31.982829+00:00" hostname="agent-env-6e665e4a-5737-4b92-b5d8-380df046f856"><testcase classname="backend.tests.test_enquiries.TestHealth" name="test_root" time="0.270" /><testcase classname="backend.tests.test_enquiries.TestEnquiries" name="test_create_enquiry_valid" time="0.094" /><testcase classname="backend.tests.test_enquiries.TestEnquiries" name="test_create_enquiry_minimal" time="0.048" /><testcase classname="backend.tests.test_enquiries.TestEnquiries" name="test_create_enquiry_invalid_email" time="0.043" /><testcase classname="backend.tests.test_enquiries.TestEnquiries" name="test_create_enquiry_missing_required" time="0.085" /><testcase classname="backend.tests.test_enquiries.TestEnquiries" name="test_get_enquiries_sorted_newest_first" time="0.187" /></testsuite></testsuites>