<?xml version="1.0" encoding="utf-8"?><testsuites name="pytest tests"><testsuite name="pytest" errors="0" failures="0" skipped="0" tests="6" time="0.964" timestamp="2026-06-27T21:04:53.206759+00:00" hostname="agent-env-6e665e4a-5737-4b92-b5d8-380df046f856"><testcase classname="backend.tests.test_enquiries.TestHealth" name="test_root" time="0.332" /><testcase classname="backend.tests.test_enquiries.TestEnquiries" name="test_create_enquiry_valid" time="0.112" /><testcase classname="backend.tests.test_enquiries.TestEnquiries" name="test_create_enquiry_minimal" time="0.043" /><testcase classname="backend.tests.test_enquiries.TestEnquiries" name="test_create_enquiry_invalid_email" time="0.045" /><testcase classname="backend.tests.test_enquiries.TestEnquiries" name="test_create_enquiry_missing_required" time="0.086" /><testcase classname="backend.tests.test_enquiries.TestEnquiries" name="test_get_enquiries_sorted_newest_first" time="0.179" /></testsuite></testsuites>